app/build/outputs/logs/manifest-merger-debug-report.txt
-- Merging decision tree log ---
manifest
ADDED from src\main\AndroidManifest.xml:2:1-162:12
INJECTED from src\main\AndroidManifest.xml:2:1-162:12
MERGED from [com.android.support:appcompat-v7:28.0.0] AndroidManifest.xml:17:1-22:12
MERGED from [com.android.support:support-fragment:28.0.0] AndroidManifest.xml:17:1-22:12
MERGED from [com.android.support:animated-vector-drawable:28.0.0] AndroidManifest.xml:17:1-22:12
MERGED from [com.android.support:support-core-ui:28.0.0] AndroidManifest.xml:17:1-22:12
MERGED from [com.android.support:support-core-utils:28.0.0] AndroidManifest.xml:17:1-22:12
MERGED from [com.android.support:support-vector-drawable:28.0.0] AndroidManifest.xml:17:1-22:12
MERGED from [com.android.support:loader:28.0.0] AndroidManifest.xml:17:1-22:12
MERGED from [com.android.support:viewpager:28.0.0] AndroidManifest.xml:17:1-22:12
MERGED from [com.android.support:coordinatorlayout:28.0.0] AndroidManifest.xml:17:1-22:12
MERGED from [com.android.support:drawerlayout:28.0.0] AndroidManifest.xml:17:1-22:12
MERGED from [com.android.support:slidingpanelayout:28.0.0] AndroidManifest.xml:17:1-22:12
MERGED from [com.android.support:customview:28.0.0] AndroidManifest.xml:17:1-22:12
MERGED from [com.android.support:swiperefreshlayout:28.0.0] AndroidManifest.xml:17:1-22:12
MERGED from [com.android.support:asynclayoutinflater:28.0.0] AndroidManifest.xml:17:1-22:12
MERGED from [com.android.support:support-compat:28.0.0] AndroidManifest.xml:17:1-24:12
MERGED from [com.android.support:versionedparcelable:28.0.0] AndroidManifest.xml:17:1-25:12
MERGED from [com.android.support:cursoradapter:28.0.0] AndroidManifest.xml:17:1-22:12
MERGED from [android.arch.lifecycle:runtime:1.1.1] AndroidManifest.xml:17:1-22:12
MERGED from [com.android.support:documentfile:28.0.0] AndroidManifest.xml:17:1-22:12
MERGED from [com.android.support:localbroadcastmanager:28.0.0] AndroidManifest.xml:17:1-22:12
MERGED from [com.android.support:print:28.0.0] AndroidManifest.xml:17:1-22:12
MERGED from [android.arch.lifecycle:viewmodel:1.1.1] AndroidManifest.xml:17:1-22:12
MERGED from [android.arch.lifecycle:livedata:1.1.1] AndroidManifest.xml:17:1-22:12
MERGED from [android.arch.lifecycle:livedata-core:1.1.1] AndroidManifest.xml:17:1-22:12
MERGED from [android.arch.core:runtime:1.1.1] AndroidManifest.xml:17:1-22:12
MERGED from [com.android.support:interpolator:28.0.0] AndroidManifest.xml:17:1-22:12
INJECTED from src\main\AndroidManifest.xml:2:1-162:12
	package
		ADDED from src\main\AndroidManifest.xml:4:5-42
		INJECTED from src\main\AndroidManifest.xml
		INJECTED from src\main\AndroidManifest.xml
	xmlns:tools
		ADDED from src\main\AndroidManifest.xml:3:5-51
	xmlns:android
		ADDED from src\main\AndroidManifest.xml:2:11-69
uses-permission#android.permission.MOUNT_UNMOUNT_FILESYSTEMS
ADDED from src\main\AndroidManifest.xml:6:5-7:47
	tools:ignore
		ADDED from src\main\AndroidManifest.xml:7:9-44
	android:name
		ADDED from src\main\AndroidManifest.xml:6:22-81
uses-permission#android.permission.WRITE_EXTERNAL_STORAGE
ADDED from src\main\AndroidManifest.xml:9:5-80
	android:name
		ADDED from src\main\AndroidManifest.xml:9:22-78
uses-permission#android.permission.READ_EXTERNAL_STORAGE
ADDED from src\main\AndroidManifest.xml:10:5-80
	android:name
		ADDED from src\main\AndroidManifest.xml:10:22-77
uses-sdk
ADDED from src\main\AndroidManifest.xml:11:5-13:16
INJECTED from src\main\AndroidManifest.xml:11:5-13:16
INJECTED from src\main\AndroidManifest.xml:11:5-13:16
MERGED from [com.android.support:appcompat-v7:28.0.0] AndroidManifest.xml:20:5-44
MERGED from [com.android.support:appcompat-v7:28.0.0] AndroidManifest.xml:20:5-44
MERGED from [com.android.support:support-fragment:28.0.0] AndroidManifest.xml:20:5-44
MERGED from [com.android.support:support-fragment:28.0.0] AndroidManifest.xml:20:5-44
MERGED from [com.android.support:animated-vector-drawable:28.0.0] AndroidManifest.xml:20:5-44
MERGED from [com.android.support:animated-vector-drawable:28.0.0] AndroidManifest.xml:20:5-44
MERGED from [com.android.support:support-core-ui:28.0.0] AndroidManifest.xml:20:5-44
MERGED from [com.android.support:support-core-ui:28.0.0] AndroidManifest.xml:20:5-44
MERGED from [com.android.support:support-core-utils:28.0.0] AndroidManifest.xml:20:5-44
MERGED from [com.android.support:support-core-utils:28.0.0] AndroidManifest.xml:20:5-44
MERGED from [com.android.support:support-vector-drawable:28.0.0] AndroidManifest.xml:20:5-44
MERGED from [com.android.support:support-vector-drawable:28.0.0] AndroidManifest.xml:20:5-44
MERGED from [com.android.support:loader:28.0.0] AndroidManifest.xml:20:5-44
MERGED from [com.android.support:loader:28.0.0] AndroidManifest.xml:20:5-44
MERGED from [com.android.support:viewpager:28.0.0] AndroidManifest.xml:20:5-44
MERGED from [com.android.support:viewpager:28.0.0] AndroidManifest.xml:20:5-44
MERGED from [com.android.support:coordinatorlayout:28.0.0] AndroidManifest.xml:20:5-44
MERGED from [com.android.support:coordinatorlayout:28.0.0] AndroidManifest.xml:20:5-44
MERGED from [com.android.support:drawerlayout:28.0.0] AndroidManifest.xml:20:5-44
MERGED from [com.android.support:drawerlayout:28.0.0] AndroidManifest.xml:20:5-44
MERGED from [com.android.support:slidingpanelayout:28.0.0] AndroidManifest.xml:20:5-44
MERGED from [com.android.support:slidingpanelayout:28.0.0] AndroidManifest.xml:20:5-44
MERGED from [com.android.support:customview:28.0.0] AndroidManifest.xml:20:5-44
MERGED from [com.android.support:customview:28.0.0] AndroidManifest.xml:20:5-44
MERGED from [com.android.support:swiperefreshlayout:28.0.0] AndroidManifest.xml:20:5-44
MERGED from [com.android.support:swiperefreshlayout:28.0.0] AndroidManifest.xml:20:5-44
MERGED from [com.android.support:asynclayoutinflater:28.0.0] AndroidManifest.xml:20:5-44
MERGED from [com.android.support:asynclayoutinflater:28.0.0] AndroidManifest.xml:20:5-44
MERGED from [com.android.support:support-compat:28.0.0] AndroidManifest.xml:20:5-44
MERGED from [com.android.support:support-compat:28.0.0] AndroidManifest.xml:20:5-44
MERGED from [com.android.support:versionedparcelable:28.0.0] AndroidManifest.xml:20:5-44
MERGED from [com.android.support:versionedparcelable:28.0.0] AndroidManifest.xml:20:5-44
MERGED from [com.android.support:cursoradapter:28.0.0] AndroidManifest.xml:20:5-44
MERGED from [com.android.support:cursoradapter:28.0.0] AndroidManifest.xml:20:5-44
MERGED from [android.arch.lifecycle:runtime:1.1.1] AndroidManifest.xml:20:5-44
MERGED from [android.arch.lifecycle:runtime:1.1.1] AndroidManifest.xml:20:5-44
MERGED from [com.android.support:documentfile:28.0.0] AndroidManifest.xml:20:5-44
MERGED from [com.android.support:documentfile:28.0.0] AndroidManifest.xml:20:5-44
MERGED from [com.android.support:localbroadcastmanager:28.0.0] AndroidManifest.xml:20:5-44
MERGED from [com.android.support:localbroadcastmanager:28.0.0] AndroidManifest.xml:20:5-44
MERGED from [com.android.support:print:28.0.0] AndroidManifest.xml:20:5-44
MERGED from [com.android.support:print:28.0.0] AndroidManifest.xml:20:5-44
MERGED from [android.arch.lifecycle:viewmodel:1.1.1] AndroidManifest.xml:20:5-44
MERGED from [android.arch.lifecycle:viewmodel:1.1.1] AndroidManifest.xml:20:5-44
MERGED from [android.arch.lifecycle:livedata:1.1.1] AndroidManifest.xml:20:5-44
MERGED from [android.arch.lifecycle:livedata:1.1.1] AndroidManifest.xml:20:5-44
MERGED from [android.arch.lifecycle:livedata-core:1.1.1] AndroidManifest.xml:20:5-44
MERGED from [android.arch.lifecycle:livedata-core:1.1.1] AndroidManifest.xml:20:5-44
MERGED from [android.arch.core:runtime:1.1.1] AndroidManifest.xml:20:5-44
MERGED from [android.arch.core:runtime:1.1.1] AndroidManifest.xml:20:5-44
MERGED from [com.android.support:interpolator:28.0.0] AndroidManifest.xml:20:5-44
MERGED from [com.android.support:interpolator:28.0.0] AndroidManifest.xml:20:5-44
INJECTED from src\main\AndroidManifest.xml:11:5-13:16
INJECTED from src\main\AndroidManifest.xml:11:5-13:16
	android:targetSdkVersion
		INJECTED from src\main\AndroidManifest.xml
		ADDED from src\main\AndroidManifest.xml:11:5-13:16
		INJECTED from src\main\AndroidManifest.xml
	android:minSdkVersion
		INJECTED from src\main\AndroidManifest.xml
		ADDED from src\main\AndroidManifest.xml:12:9-35
		INJECTED from src\main\AndroidManifest.xml
application
ADDED from src\main\AndroidManifest.xml:15:5-160:19
MERGED from [com.android.support:support-compat:28.0.0] AndroidManifest.xml:22:5-94
MERGED from [com.android.support:support-compat:28.0.0] AndroidManifest.xml:22:5-94
MERGED from [com.android.support:versionedparcelable:28.0.0] AndroidManifest.xml:22:5-23:19
MERGED from [com.android.support:versionedparcelable:28.0.0] AndroidManifest.xml:22:5-23:19
	android:appComponentFactory
		ADDED from [com.android.support:support-compat:28.0.0] AndroidManifest.xml:22:18-91
	android:label
		ADDED from src\main\AndroidManifest.xml:17:9-41
	android:icon
		ADDED from src\main\AndroidManifest.xml:16:9-43
activity#com.example.android.notepad.OutputText
ADDED from src\main\AndroidManifest.xml:19:9-23:20
	android:label
		ADDED from src\main\AndroidManifest.xml:20:13-33
	android:windowSoftInputMode
		ADDED from src\main\AndroidManifest.xml:22:13-55
	android:theme
		ADDED from src\main\AndroidManifest.xml:21:13-61
	android:name
		ADDED from src\main\AndroidManifest.xml:19:19-44
activity#com.example.android.notepad.NoteColor
ADDED from src\main\AndroidManifest.xml:24:9-28:58
	android:label
		ADDED from src\main\AndroidManifest.xml:26:13-40
	android:windowSoftInputMode
		ADDED from src\main\AndroidManifest.xml:28:13-55
	android:theme
		ADDED from src\main\AndroidManifest.xml:27:13-67
	android:name
		ADDED from src\main\AndroidManifest.xml:25:13-38
provider#com.example.android.notepad.NotePadProvider
ADDED from src\main\AndroidManifest.xml:30:9-35:20
	android:authorities
		ADDED from src\main\AndroidManifest.xml:32:13-62
	android:exported
		ADDED from src\main\AndroidManifest.xml:33:13-37
	android:name
		ADDED from src\main\AndroidManifest.xml:31:13-44
grant-uri-permission
ADDED from src\main\AndroidManifest.xml:34:13-62
	android:pathPattern
		ADDED from src\main\AndroidManifest.xml:34:35-59
activity#com.example.android.notepad.NotesList
ADDED from src\main\AndroidManifest.xml:37:9-62:20
	android:label
		ADDED from src\main\AndroidManifest.xml:39:13-53
	android:theme
		ADDED from src\main\AndroidManifest.xml:40:13-60
	android:name
		ADDED from src\main\AndroidManifest.xml:38:13-38
intent-filter#action:name:android.intent.action.MAIN+category:name:android.intent.category.LAUNCHER
ADDED from src\main\AndroidManifest.xml:41:13-45:29
action#android.intent.action.MAIN
ADDED from src\main\AndroidManifest.xml:42:17-69
	android:name
		ADDED from src\main\AndroidManifest.xml:42:25-66
category#android.intent.category.LAUNCHER
ADDED from src\main\AndroidManifest.xml:44:17-77
	android:name
		ADDED from src\main\AndroidManifest.xml:44:27-74
intent-filter#action:name:android.intent.action.EDIT+action:name:android.intent.action.PICK+action:name:android.intent.action.VIEW+category:name:android.intent.category.DEFAULT+data:mimeType:vnd.android.cursor.dir/vnd.google.note
ADDED from src\main\AndroidManifest.xml:46:13-54:29
action#android.intent.action.VIEW
ADDED from src\main\AndroidManifest.xml:47:17-69
	android:name
		ADDED from src\main\AndroidManifest.xml:47:25-66
action#android.intent.action.EDIT
ADDED from src\main\AndroidManifest.xml:48:17-69
	android:name
		ADDED from src\main\AndroidManifest.xml:48:25-66
action#android.intent.action.PICK
ADDED from src\main\AndroidManifest.xml:49:17-69
	android:name
		ADDED from src\main\AndroidManifest.xml:49:25-66
category#android.intent.category.DEFAULT
ADDED from src\main\AndroidManifest.xml:51:17-76
	android:name
		ADDED from src\main\AndroidManifest.xml:51:27-73
data
ADDED from src\main\AndroidManifest.xml:53:17-83
	android:mimeType
		ADDED from src\main\AndroidManifest.xml:53:23-80
intent-filter#action:name:android.intent.action.GET_CONTENT+category:name:android.intent.category.DEFAULT+data:mimeType:vnd.android.cursor.item/vnd.google.note
ADDED from src\main\AndroidManifest.xml:55:13-61:29
action#android.intent.action.GET_CONTENT
ADDED from src\main\AndroidManifest.xml:56:17-76
	android:name
		ADDED from src\main\AndroidManifest.xml:56:25-73
activity#com.example.android.notepad.NoteEditor
ADDED from src\main\AndroidManifest.xml:63:9-97:20
	android:screenOrientation
		ADDED from src\main\AndroidManifest.xml:66:13-47
	android:configChanges
		ADDED from src\main\AndroidManifest.xml:65:13-63
	android:theme
		ADDED from src\main\AndroidManifest.xml:67:13-60
	android:name
		ADDED from src\main\AndroidManifest.xml:64:13-39
intent-filter#action:name:android.intent.action.EDIT+action:name:android.intent.action.VIEW+action:name:com.android.notepad.action.EDIT_NOTE+category:name:android.intent.category.DEFAULT+data:mimeType:vnd.android.cursor.item/vnd.google.note
ADDED from src\main\AndroidManifest.xml:73:13-81:29
	android:label
		ADDED from src\main\AndroidManifest.xml:73:28-64
action#com.android.notepad.action.EDIT_NOTE
ADDED from src\main\AndroidManifest.xml:76:17-79
	android:name
		ADDED from src\main\AndroidManifest.xml:76:25-76
intent-filter#action:name:android.intent.action.INSERT+action:name:android.intent.action.PASTE+category:name:android.intent.category.DEFAULT+data:mimeType:vnd.android.cursor.dir/vnd.google.note
ADDED from src\main\AndroidManifest.xml:89:13-96:29
action#android.intent.action.INSERT
ADDED from src\main\AndroidManifest.xml:90:17-71
	android:name
		ADDED from src\main\AndroidManifest.xml:90:25-68
action#android.intent.action.PASTE
ADDED from src\main\AndroidManifest.xml:91:17-70
	android:name
		ADDED from src\main\AndroidManifest.xml:91:25-67
activity#com.example.android.notepad.TitleEditor
ADDED from src\main\AndroidManifest.xml:98:9-134:20
	android:label
		ADDED from src\main\AndroidManifest.xml:101:13-53
	android:windowSoftInputMode
		ADDED from src\main\AndroidManifest.xml:103:13-55
	android:icon
		ADDED from src\main\AndroidManifest.xml:100:13-50
	android:theme
		ADDED from src\main\AndroidManifest.xml:102:13-61
	android:name
		ADDED from src\main\AndroidManifest.xml:99:13-40
intent-filter#action:name:com.android.notepad.action.EDIT_TITLE+category:name:android.intent.category.ALTERNATIVE+category:name:android.intent.category.DEFAULT+category:name:android.intent.category.SELECTED_ALTERNATIVE+data:mimeType:vnd.android.cursor.item/vnd.google.note
ADDED from src\main\AndroidManifest.xml:111:13-133:29
	android:label
		ADDED from src\main\AndroidManifest.xml:111:28-65
action#com.android.notepad.action.EDIT_TITLE
ADDED from src\main\AndroidManifest.xml:118:17-80
	android:name
		ADDED from src\main\AndroidManifest.xml:118:25-77
category#android.intent.category.ALTERNATIVE
ADDED from src\main\AndroidManifest.xml:125:17-80
	android:name
		ADDED from src\main\AndroidManifest.xml:125:27-77
category#android.intent.category.SELECTED_ALTERNATIVE
ADDED from src\main\AndroidManifest.xml:130:17-89
	android:name
		ADDED from src\main\AndroidManifest.xml:130:27-86
activity#com.example.android.notepad.NotesLiveFolder
ADDED from src\main\AndroidManifest.xml:135:9-144:20
	android:label
		ADDED from src\main\AndroidManifest.xml:138:13-53
	android:icon
		ADDED from src\main\AndroidManifest.xml:137:13-55
	android:name
		ADDED from src\main\AndroidManifest.xml:136:13-44
intent-filter#action:name:android.intent.action.CREATE_LIVE_FOLDER+category:name:android.intent.category.DEFAULT
ADDED from src\main\AndroidManifest.xml:139:13-143:29
action#android.intent.action.CREATE_LIVE_FOLDER
ADDED from src\main\AndroidManifest.xml:140:17-83
	android:name
		ADDED from src\main\AndroidManifest.xml:140:25-80
activity#com.example.android.notepad.NoteSearch
ADDED from src\main\AndroidManifest.xml:145:9-159:20
	android:label
		ADDED from src\main\AndroidManifest.xml:147:13-39
	android:name
		ADDED from src\main\AndroidManifest.xml:146:13-39
intent-filter#action:name:android.intent.action.NoteSearch+action:name:android.intent.action.SEARCH+action:name:android.intent.action.SEARCH_LONG_PRESS+category:name:android.intent.category.DEFAULT+data:mimeType:vnd.android.cursor.dir/vnd.google.note
ADDED from src\main\AndroidManifest.xml:148:13-158:29
action#android.intent.action.NoteSearch
ADDED from src\main\AndroidManifest.xml:149:17-75
	android:name
		ADDED from src\main\AndroidManifest.xml:149:25-72
action#android.intent.action.SEARCH
ADDED from src\main\AndroidManifest.xml:150:17-71
	android:name
		ADDED from src\main\AndroidManifest.xml:150:25-68
action#android.intent.action.SEARCH_LONG_PRESS
ADDED from src\main\AndroidManifest.xml:151:17-82
	android:name
		ADDED from src\main\AndroidManifest.xml:151:25-79